PHP Warning:  include_once(./_common.php): failed to open stream: No such file or directory in /home/juin/www/admin/cron.regpay.php on line 2
PHP Warning:  include_once(): Failed opening './_common.php' for inclusion (include_path='.:/usr/share/php') in /home/juin/www/admin/cron.regpay.php on line 2
PHP Fatal error:  Uncaught Error: Call to undefined function sql_query() in /home/juin/www/admin/cron.regpay.php:32
Stack trace:
#0 {main}
  thrown in /home/juin/www/admin/cron.regpay.php on line 32

Fatal error: Uncaught Error: Call to undefined function sql_query() in /home/juin/www/admin/cron.regpay.php:32
Stack trace:
#0 {main}
  thrown in /home/juin/www/admin/cron.regpay.php on line 32
PHP Warning:  include_once(../common.php): failed to open stream: No such file or directory in /home/juin/www/admin/_common.php on line 3
PHP Warning:  include_once(): Failed opening '../common.php' for inclusion (include_path='.:/usr/share/php') in /home/juin/www/admin/_common.php on line 3
PHP Warning:  Use of undefined constant BV_ADMIN_PATH - assumed 'BV_ADMIN_PATH' (this will throw an Error in a future version of PHP) in /home/juin/www/admin/_common.php on line 4
PHP Warning:  include_once(BV_ADMIN_PATH/admin_menu.php): failed to open stream: No such file or directory in /home/juin/www/admin/_common.php on line 4
PHP Warning:  include_once(): Failed opening 'BV_ADMIN_PATH/admin_menu.php' for inclusion (include_path='.:/usr/share/php') in /home/juin/www/admin/_common.php on line 4
PHP Fatal error:  Uncaught Error: Call to undefined function sql_query() in /home/juin/www/admin/cron.regpay.php:32
Stack trace:
#0 {main}
  thrown in /home/juin/www/admin/cron.regpay.php on line 32

Fatal error: Uncaught Error: Call to undefined function sql_query() in /home/juin/www/admin/cron.regpay.php:32
Stack trace:
#0 {main}
  thrown in /home/juin/www/admin/cron.regpay.php on line 32
